Traceback (most recent call last):
  File "/opt/hostedtoolcache/Python/3.9.12/x64/lib/python3.9/site-packages/jupyter_cache/executors/utils.py", line 51, in single_nb_execution
    executenb(
  File "/opt/hostedtoolcache/Python/3.9.12/x64/lib/python3.9/site-packages/nbclient/client.py", line 1204, in execute
    return NotebookClient(nb=nb, resources=resources, km=km, **kwargs).execute()
  File "/opt/hostedtoolcache/Python/3.9.12/x64/lib/python3.9/site-packages/nbclient/util.py", line 84, in wrapped
    return just_run(coro(*args, **kwargs))
  File "/opt/hostedtoolcache/Python/3.9.12/x64/lib/python3.9/site-packages/nbclient/util.py", line 62, in just_run
    return loop.run_until_complete(coro)
  File "/opt/hostedtoolcache/Python/3.9.12/x64/lib/python3.9/asyncio/base_events.py", line 647, in run_until_complete
    return future.result()
  File "/opt/hostedtoolcache/Python/3.9.12/x64/lib/python3.9/site-packages/nbclient/client.py", line 663, in async_execute
    await self.async_execute_cell(
  File "/opt/hostedtoolcache/Python/3.9.12/x64/lib/python3.9/site-packages/nbclient/client.py", line 965, in async_execute_cell
    await self._check_raise_for_error(cell, cell_index, exec_reply)
  File "/opt/hostedtoolcache/Python/3.9.12/x64/lib/python3.9/site-packages/nbclient/client.py", line 862, in _check_raise_for_error
    raise CellExecutionError.from_cell_and_msg(cell, exec_reply_content)
nbclient.exceptions.CellExecutionError: An error occurred while executing the following cell:
------------------
f_out = './example_vid_recon.mp4'
data.render_video(f_out, wireframe=True, video=vid)
Video('./example_vid_recon.mp4')
------------------

[0;31m---------------------------------------------------------------------------[0m
[0;31mNoSuchDisplayException[0m                    Traceback (most recent call last)
Input [0;32mIn [4][0m, in [0;36m<cell line: 2>[0;34m()[0m
[1;32m      1[0m f_out [38;5;241m=[39m [38;5;124m'[39m[38;5;124m./example_vid_recon.mp4[39m[38;5;124m'[39m
[0;32m----> 2[0m [43mdata[49m[38;5;241;43m.[39;49m[43mrender_video[49m[43m([49m[43mf_out[49m[43m,[49m[43m [49m[43mwireframe[49m[38;5;241;43m=[39;49m[38;5;28;43;01mTrue[39;49;00m[43m,[49m[43m [49m[43mvideo[49m[38;5;241;43m=[39;49m[43mvid[49m[43m)[49m
[1;32m      3[0m Video([38;5;124m'[39m[38;5;124m./example_vid_recon.mp4[39m[38;5;124m'[39m)

File [0;32m/opt/hostedtoolcache/Python/3.9.12/x64/lib/python3.9/site-packages/medusa/core.py:664[0m, in [0;36mMediapipeData.render_video[0;34m(self, f_out, smooth, wireframe, **kwargs)[0m
[1;32m    624[0m [38;5;28;01mdef[39;00m [38;5;21mrender_video[39m([38;5;28mself[39m, f_out, smooth[38;5;241m=[39m[38;5;28;01mFalse[39;00m, wireframe[38;5;241m=[39m[38;5;28;01mFalse[39;00m, [38;5;241m*[39m[38;5;241m*[39mkwargs):
[1;32m    625[0m     [38;5;124;03m""" Renders a video of the reconstructed vertices. [39;00m
[1;32m    626[0m [38;5;124;03m    [39;00m
[1;32m    627[0m [38;5;124;03m    Note: the extension of the ``f_out`` parameter (e.g., ".gif" or ".mp4")[39;00m
[0;32m   (...)[0m
[1;32m    662[0m [38;5;124;03m    True[39;00m
[1;32m    663[0m [38;5;124;03m    """[39;00m
[0;32m--> 664[0m     renderer [38;5;241m=[39m [43mRenderer[49m[43m([49m
[1;32m    665[0m [43m        [49m[43mcamera_type[49m[38;5;241;43m=[39;49m[38;5;124;43m"[39;49m[38;5;124;43mintrinsic[39;49m[38;5;124;43m"[39;49m[43m,[49m
[1;32m    666[0m [43m        [49m[43mviewport[49m[38;5;241;43m=[39;49m[38;5;28;43mself[39;49m[38;5;241;43m.[39;49m[43mimg_size[49m[43m,[49m
[1;32m    667[0m [43m        [49m[43msmooth[49m[38;5;241;43m=[39;49m[43msmooth[49m[43m,[49m
[1;32m    668[0m [43m        [49m[43mwireframe[49m[38;5;241;43m=[39;49m[43mwireframe[49m[43m,[49m
[1;32m    669[0m [43m        [49m[43mcam_mat[49m[38;5;241;43m=[39;49m[38;5;28;43mself[39;49m[38;5;241;43m.[39;49m[43mcam_mat[49m[43m,[49m
[1;32m    670[0m [43m    [49m[43m)[49m
[1;32m    671[0m     [38;5;28msuper[39m()[38;5;241m.[39mrender_video(f_out, renderer, [38;5;241m*[39m[38;5;241m*[39mkwargs)

File [0;32m/opt/hostedtoolcache/Python/3.9.12/x64/lib/python3.9/site-packages/medusa/render.py:51[0m, in [0;36mRenderer.__init__[0;34m(self, viewport, camera_type, smooth, wireframe, cam_mat)[0m
[1;32m     49[0m [38;5;28mself[39m[38;5;241m.[39mviewport [38;5;241m=[39m viewport
[1;32m     50[0m [38;5;28mself[39m[38;5;241m.[39mscene [38;5;241m=[39m [38;5;28mself[39m[38;5;241m.[39m_create_scene()
[0;32m---> 51[0m [38;5;28mself[39m[38;5;241m.[39m_renderer [38;5;241m=[39m [38;5;28;43mself[39;49m[38;5;241;43m.[39;49m[43m_create_renderer[49m[43m([49m[43m)[49m

File [0;32m/opt/hostedtoolcache/Python/3.9.12/x64/lib/python3.9/site-packages/medusa/render.py:76[0m, in [0;36mRenderer._create_renderer[0;34m(self)[0m
[1;32m     74[0m [38;5;28;01mdef[39;00m [38;5;21m_create_renderer[39m([38;5;28mself[39m):
[1;32m     75[0m     [38;5;124;03m"""Creates the renderer with specified viewport dimensions."""[39;00m
[0;32m---> 76[0m     [38;5;28;01mreturn[39;00m [43mOffscreenRenderer[49m[43m([49m
[1;32m     77[0m [43m        [49m[43mviewport_width[49m[38;5;241;43m=[39;49m[38;5;28;43mself[39;49m[38;5;241;43m.[39;49m[43mviewport[49m[43m[[49m[38;5;241;43m0[39;49m[43m][49m[43m,[49m[43m [49m[43mviewport_height[49m[38;5;241;43m=[39;49m[38;5;28;43mself[39;49m[38;5;241;43m.[39;49m[43mviewport[49m[43m[[49m[38;5;241;43m1[39;49m[43m][49m
[1;32m     78[0m [43m    [49m[43m)[49m

File [0;32m/opt/hostedtoolcache/Python/3.9.12/x64/lib/python3.9/site-packages/pyrender/offscreen.py:31[0m, in [0;36mOffscreenRenderer.__init__[0;34m(self, viewport_width, viewport_height, point_size)[0m
[1;32m     29[0m [38;5;28mself[39m[38;5;241m.[39m_platform [38;5;241m=[39m [38;5;28;01mNone[39;00m
[1;32m     30[0m [38;5;28mself[39m[38;5;241m.[39m_renderer [38;5;241m=[39m [38;5;28;01mNone[39;00m
[0;32m---> 31[0m [38;5;28;43mself[39;49m[38;5;241;43m.[39;49m[43m_create[49m[43m([49m[43m)[49m

File [0;32m/opt/hostedtoolcache/Python/3.9.12/x64/lib/python3.9/site-packages/pyrender/offscreen.py:149[0m, in [0;36mOffscreenRenderer._create[0;34m(self)[0m
[1;32m    145[0m [38;5;28;01melse[39;00m:
[1;32m    146[0m     [38;5;28;01mraise[39;00m [38;5;167;01mValueError[39;00m([38;5;124m'[39m[38;5;124mUnsupported PyOpenGL platform: [39m[38;5;132;01m{}[39;00m[38;5;124m'[39m[38;5;241m.[39mformat(
[1;32m    147[0m         os[38;5;241m.[39menviron[[38;5;124m'[39m[38;5;124mPYOPENGL_PLATFORM[39m[38;5;124m'[39m]
[1;32m    148[0m     ))
[0;32m--> 149[0m [38;5;28;43mself[39;49m[38;5;241;43m.[39;49m[43m_platform[49m[38;5;241;43m.[39;49m[43minit_context[49m[43m([49m[43m)[49m
[1;32m    150[0m [38;5;28mself[39m[38;5;241m.[39m_platform[38;5;241m.[39mmake_current()
[1;32m    151[0m [38;5;28mself[39m[38;5;241m.[39m_renderer [38;5;241m=[39m Renderer([38;5;28mself[39m[38;5;241m.[39mviewport_width, [38;5;28mself[39m[38;5;241m.[39mviewport_height)

File [0;32m/opt/hostedtoolcache/Python/3.9.12/x64/lib/python3.9/site-packages/pyrender/platforms/pyglet_platform.py:50[0m, in [0;36mPygletPlatform.init_context[0;34m(self)[0m
[1;32m     48[0m [38;5;28;01mfor[39;00m conf [38;5;129;01min[39;00m confs:
[1;32m     49[0m     [38;5;28;01mtry[39;00m:
[0;32m---> 50[0m         [38;5;28mself[39m[38;5;241m.[39m_window [38;5;241m=[39m [43mpyglet[49m[38;5;241;43m.[39;49m[43mwindow[49m[38;5;241;43m.[39;49m[43mWindow[49m[43m([49m[43mconfig[49m[38;5;241;43m=[39;49m[43mconf[49m[43m,[49m[43m [49m[43mvisible[49m[38;5;241;43m=[39;49m[38;5;28;43;01mFalse[39;49;00m[43m,[49m
[1;32m     51[0m [43m                                            [49m[43mresizable[49m[38;5;241;43m=[39;49m[38;5;28;43;01mFalse[39;49;00m[43m,[49m
[1;32m     52[0m [43m                                            [49m[43mwidth[49m[38;5;241;43m=[39;49m[38;5;241;43m1[39;49m[43m,[49m[43m [49m[43mheight[49m[38;5;241;43m=[39;49m[38;5;241;43m1[39;49m[43m)[49m
[1;32m     53[0m         [38;5;28;01mbreak[39;00m
[1;32m     54[0m     [38;5;28;01mexcept[39;00m pyglet[38;5;241m.[39mwindow[38;5;241m.[39mNoSuchConfigException [38;5;28;01mas[39;00m e:

File [0;32m/opt/hostedtoolcache/Python/3.9.12/x64/lib/python3.9/site-packages/pyglet/window/xlib/__init__.py:171[0m, in [0;36mXlibWindow.__init__[0;34m(self, *args, **kwargs)[0m
[1;32m    168[0m         [38;5;28;01melse[39;00m:
[1;32m    169[0m             [38;5;28mself[39m[38;5;241m.[39m_event_handlers[message] [38;5;241m=[39m func
[0;32m--> 171[0m [38;5;28;43msuper[39;49m[43m([49m[43mXlibWindow[49m[43m,[49m[43m [49m[38;5;28;43mself[39;49m[43m)[49m[38;5;241;43m.[39;49m[38;5;21;43m__init__[39;49m[43m([49m[38;5;241;43m*[39;49m[43margs[49m[43m,[49m[43m [49m[38;5;241;43m*[39;49m[38;5;241;43m*[39;49m[43mkwargs[49m[43m)[49m
[1;32m    173[0m [38;5;28;01mglobal[39;00m _can_detect_autorepeat
[1;32m    174[0m [38;5;28;01mif[39;00m _can_detect_autorepeat [38;5;129;01mis[39;00m [38;5;28;01mNone[39;00m:

File [0;32m/opt/hostedtoolcache/Python/3.9.12/x64/lib/python3.9/site-packages/pyglet/window/__init__.py:590[0m, in [0;36mBaseWindow.__init__[0;34m(self, width, height, caption, resizable, style, fullscreen, visible, vsync, file_drops, display, screen, config, context, mode)[0m
[1;32m    587[0m [38;5;28mself[39m[38;5;241m.[39m_event_queue [38;5;241m=[39m []
[1;32m    589[0m [38;5;28;01mif[39;00m [38;5;129;01mnot[39;00m display:
[0;32m--> 590[0m     display [38;5;241m=[39m [43mpyglet[49m[38;5;241;43m.[39;49m[43mcanvas[49m[38;5;241;43m.[39;49m[43mget_display[49m[43m([49m[43m)[49m
[1;32m    592[0m [38;5;28;01mif[39;00m [38;5;129;01mnot[39;00m screen:
[1;32m    593[0m     screen [38;5;241m=[39m display[38;5;241m.[39mget_default_screen()

File [0;32m/opt/hostedtoolcache/Python/3.9.12/x64/lib/python3.9/site-packages/pyglet/canvas/__init__.py:94[0m, in [0;36mget_display[0;34m()[0m
[1;32m     91[0m     [38;5;28;01mreturn[39;00m display
[1;32m     93[0m [38;5;66;03m# Otherwise, create a new display and return it.[39;00m
[0;32m---> 94[0m [38;5;28;01mreturn[39;00m [43mDisplay[49m[43m([49m[43m)[49m

File [0;32m/opt/hostedtoolcache/Python/3.9.12/x64/lib/python3.9/site-packages/pyglet/canvas/xlib.py:123[0m, in [0;36mXlibDisplay.__init__[0;34m(self, name, x_screen)[0m
[1;32m    121[0m [38;5;28mself[39m[38;5;241m.[39m_display [38;5;241m=[39m xlib[38;5;241m.[39mXOpenDisplay(name)
[1;32m    122[0m [38;5;28;01mif[39;00m [38;5;129;01mnot[39;00m [38;5;28mself[39m[38;5;241m.[39m_display:
[0;32m--> 123[0m     [38;5;28;01mraise[39;00m NoSuchDisplayException([38;5;124m'[39m[38;5;124mCannot connect to [39m[38;5;124m"[39m[38;5;132;01m%s[39;00m[38;5;124m"[39m[38;5;124m'[39m [38;5;241m%[39m name)
[1;32m    125[0m screen_count [38;5;241m=[39m xlib[38;5;241m.[39mXScreenCount([38;5;28mself[39m[38;5;241m.[39m_display)
[1;32m    126[0m [38;5;28;01mif[39;00m x_screen [38;5;241m>[39m[38;5;241m=[39m screen_count:

[0;31mNoSuchDisplayException[0m: Cannot connect to "None"
NoSuchDisplayException: Cannot connect to "None"

