Traceback (most recent call last):
  File "/home/runner/.cache/pypoetry/virtualenvs/medusa-2VgPi4zZ-py3.10/lib/python3.10/site-packages/jupyter_cache/executors/utils.py", line 58, in single_nb_execution
    executenb(
  File "/home/runner/.cache/pypoetry/virtualenvs/medusa-2VgPi4zZ-py3.10/lib/python3.10/site-packages/nbclient/client.py", line 1305, in execute
    return NotebookClient(nb=nb, resources=resources, km=km, **kwargs).execute()
  File "/home/runner/.cache/pypoetry/virtualenvs/medusa-2VgPi4zZ-py3.10/lib/python3.10/site-packages/jupyter_core/utils/__init__.py", line 166, in wrapped
    return loop.run_until_complete(inner)
  File "/opt/hostedtoolcache/Python/3.10.12/x64/lib/python3.10/asyncio/base_events.py", line 649, in run_until_complete
    return future.result()
  File "/home/runner/.cache/pypoetry/virtualenvs/medusa-2VgPi4zZ-py3.10/lib/python3.10/site-packages/nbclient/client.py", line 705, in async_execute
    await self.async_execute_cell(
  File "/home/runner/.cache/pypoetry/virtualenvs/medusa-2VgPi4zZ-py3.10/lib/python3.10/site-packages/nbclient/client.py", line 1058, in async_execute_cell
    await self._check_raise_for_error(cell, cell_index, exec_reply)
  File "/home/runner/.cache/pypoetry/virtualenvs/medusa-2VgPi4zZ-py3.10/lib/python3.10/site-packages/nbclient/client.py", line 914, in _check_raise_for_error
    raise CellExecutionError.from_cell_and_msg(cell, exec_reply_content)
nbclient.exceptions.CellExecutionError: An error occurred while executing the following cell:
------------------
detector = SCRFDetector()
------------------


[0;31m---------------------------------------------------------------------------[0m
[0;31mValueError[0m                                Traceback (most recent call last)
Cell [0;32mIn[2], line 1[0m
[0;32m----> 1[0m detector [38;5;241m=[39m [43mSCRFDetector[49m[43m([49m[43m)[49m

File [0;32m~/work/medusa/medusa/medusa/detect/scrfd.py:55[0m, in [0;36mSCRFDetector.__init__[0;34m(self, det_size, det_threshold, nms_threshold, device)[0m
[1;32m     53[0m [38;5;28msuper[39m()[38;5;241m.[39m[38;5;21m__init__[39m()
[1;32m     54[0m [38;5;28mself[39m[38;5;241m.[39mdet_size [38;5;241m=[39m det_size
[0;32m---> 55[0m [38;5;28mself[39m[38;5;241m.[39m_det_model [38;5;241m=[39m [38;5;28;43mself[39;49m[38;5;241;43m.[39;49m[43m_init_det_model[49m[43m([49m[43mdevice[49m[43m)[49m
[1;32m     56[0m [38;5;28mself[39m[38;5;241m.[39m_postproc_model [38;5;241m=[39m SCRFDPostproc(det_size, det_threshold, nms_threshold, device)
[1;32m     57[0m [38;5;28mself[39m[38;5;241m.[39mdevice [38;5;241m=[39m device

File [0;32m~/work/medusa/medusa/medusa/detect/scrfd.py:72[0m, in [0;36mSCRFDetector._init_det_model[0;34m(self, device)[0m
[1;32m     68[0m     [38;5;28;01mreturn[39;00m [38;5;167;01mValueError[39;00m([38;5;124m"[39m[38;5;124mParam ``det_size`` should indicate a square image, [39m[38;5;124m"[39m
[1;32m     69[0m                      [38;5;124mf[39m[38;5;124m"[39m[38;5;124me.g., (224, 224), but got [39m[38;5;132;01m{[39;00m[38;5;28mself[39m[38;5;241m.[39mdet_size[38;5;132;01m}[39;00m[38;5;124m![39m[38;5;124m"[39m)
[1;32m     70[0m h [38;5;241m=[39m [38;5;28mself[39m[38;5;241m.[39mdet_size[[38;5;241m0[39m]
[0;32m---> 72[0m isf_path [38;5;241m=[39m [43mget_external_data_config[49m[43m([49m[38;5;124;43m'[39;49m[38;5;124;43minsightface_path[39;49m[38;5;124;43m'[39;49m[43m)[49m
[1;32m     73[0m [38;5;28;01mif[39;00m isf_path[38;5;241m.[39mparent[38;5;241m.[39mstem [38;5;241m==[39m [38;5;124m'[39m[38;5;124mbuffalo_l[39m[38;5;124m'[39m:
[1;32m     74[0m     f_in [38;5;241m=[39m isf_path [38;5;241m/[39m [38;5;124m'[39m[38;5;124mdet_10g.onnx[39m[38;5;124m'[39m

File [0;32m~/work/medusa/medusa/medusa/data/template_data.py:169[0m, in [0;36mget_external_data_config[0;34m(key)[0m
[1;32m    167[0m [38;5;28;01melse[39;00m:
[1;32m    168[0m     [38;5;28;01mif[39;00m key [38;5;129;01mnot[39;00m [38;5;129;01min[39;00m cfg:
[0;32m--> 169[0m         [38;5;28;01mraise[39;00m [38;5;167;01mValueError[39;00m([38;5;124mf[39m[38;5;124m"[39m[38;5;124mKey [39m[38;5;132;01m{[39;00mkey[38;5;132;01m}[39;00m[38;5;124m not in config![39m[38;5;124m"[39m)
[1;32m    170[0m     [38;5;28;01melse[39;00m:
[1;32m    171[0m         [38;5;28;01mreturn[39;00m Path(cfg[key])

[0;31mValueError[0m: Key insightface_path not in config!

